<?xml version="1.0" encoding="UTF-8"?>
<testng-results skipped="0" failed="2" ignored="0" total="2" passed="0">
  <reporter-output>
  </reporter-output>
  <suite name="highOrders" duration-ms="62585" started-at="2018-08-15T07:33:01Z" finished-at="2018-08-15T07:34:03Z">
    <groups>
    </groups>
    <test name="trade" duration-ms="62585" started-at="2018-08-15T07:33:01Z" finished-at="2018-08-15T07:34:03Z">
      <class name="com.zxy.high.orders.trade.SubsOrPurWebFacadeTest">
        <test-method status="PASS" signature="setUp()[pri:0, instance:com.zxy.high.orders.trade.SubsOrPurWebFacadeTest@38145825]" name="setUp" is-config="true" duration-ms="108" started-at="2018-08-15T07:33:01Z" finished-at="2018-08-15T07:33:01Z">
          <reporter-output>
          </reporter-output>
        </test-method> <!-- setUp -->
        <test-method status="PASS" signature="springTestContextBeforeTestClass()[pri:0, instance:com.zxy.high.orders.trade.SubsOrPurWebFacadeTest@38145825]" name="springTestContextBeforeTestClass" is-config="true" duration-ms="2" started-at="2018-08-15T07:33:01Z" finished-at="2018-08-15T07:33:01Z">
          <reporter-output>
          </reporter-output>
        </test-method> <!-- springTestContextBeforeTestClass -->
        <test-method status="PASS" signature="springTestContextPrepareTestInstance()[pri:0, instance:com.zxy.high.orders.trade.SubsOrPurWebFacadeTest@38145825]" name="springTestContextPrepareTestInstance" is-config="true" duration-ms="2321" started-at="2018-08-15T07:33:01Z" depends-on-methods="org.springframework.test.context.testng.AbstractTestNGSpringContextTests.springTestContextBeforeTestClass" finished-at="2018-08-15T07:33:03Z">
          <reporter-output>
          </reporter-output>
        </test-method> <!-- springTestContextPrepareTestInstance -->
        <test-method status="PASS" signature="springTestContextBeforeTestMethod(java.lang.reflect.Method)[pri:0, instance:com.zxy.high.orders.trade.SubsOrPurWebFacadeTest@38145825]" name="springTestContextBeforeTestMethod" is-config="true" duration-ms="3" started-at="2018-08-15T07:33:03Z" finished-at="2018-08-15T07:33:03Z">
          <params>
            <param index="0">
              <value>
                <![CDATA[public void com.zxy.high.orders.trade.SubsOrPurWebFacadeTest.webFacadeTest() throws java.lang.Exception]]>
              </value>
            </param>
          </params>
          <reporter-output>
          </reporter-output>
        </test-method> <!-- springTestContextBeforeTestMethod -->
        <test-method status="FAIL" signature="webFacadeTest()[pri:0, instance:com.zxy.high.orders.trade.SubsOrPurWebFacadeTest@38145825]" name="webFacadeTest" duration-ms="30114" started-at="2018-08-15T07:33:03Z" description="高端网站下单场景" finished-at="2018-08-15T07:33:33Z">
          <exception class="com.alibaba.dubbo.rpc.RpcException">
            <message>
              <![CDATA[Failed to invoke the method execute in the service com.howbuy.tms.high.orders.facade.trade.subsorpur.subsorpurweb.SubsOrPurWebFacade. Tried 1 times of the providers [192.168.221.123:20891] (1/2) from the registry 192.168.221.122:2182 on the consumer 192.168.121.20 using the dubbo version 2.5.3. Last error is: Invoke remote method timeout. method: execute, provider: dubbo://192.168.221.123:20891/com.howbuy.tms.high.orders.facade.trade.subsorpur.subsorpurweb.SubsOrPurWebFacade2?anyhost=true&application=dubbo-test-center&check=false&default.retries=0&default.timeout=30000&dispatcher=all&dubbo=2.5.3&execute.retries=0&interface=com.howbuy.tms.high.orders.facade.trade.subsorpur.subsorpurweb.SubsOrPurWebFacade&methods=execute&pid=13944&revision=1.0.0-SNAPSHOT&side=consumer&timestamp=1534318382652, cause: Waiting server-side response timeout by scan timer. start time: 2018-08-15 15:33:03.747, end time: 2018-08-15 15:33:33.751, client elapsed: 84 ms, server elapsed: 29920 ms, timeout: 30000 ms, request: Request [id=0, version=2.0.0, twoway=true, event=false, broken=false, data=RpcInvocation [methodName=execute, parameterTypes=[class com.howbuy.tms.common.client.BaseRequest], arguments=[com.howbuy.tms.high.orders.facade.trade.subsorpur.subsorpurweb.SubsOrPurWebRequest@20ed3303], attachments={path=com.howbuy.tms.high.orders.facade.trade.subsorpur.subsorpurweb.SubsOrPurWebFacade2, interface=com.howbuy.tms.high.orders.facade.trade.subsorpur.subsorpurweb.SubsOrPurWebFacade, version=0.0.0, timeout=30000}]], channel: /192.168.121.20:13487 -> /192.168.221.123:20891]]>
            </message>
            <full-stacktrace>
              <![CDATA[com.alibaba.dubbo.rpc.RpcException: Failed to invoke the method execute in the service com.howbuy.tms.high.orders.facade.trade.subsorpur.subsorpurweb.SubsOrPurWebFacade. Tried 1 times of the providers [192.168.221.123:20891] (1/2) from the registry 192.168.221.122:2182 on the consumer 192.168.121.20 using the dubbo version 2.5.3. Last error is: Invoke remote method timeout. method: execute, provider: dubbo://192.168.221.123:20891/com.howbuy.tms.high.orders.facade.trade.subsorpur.subsorpurweb.SubsOrPurWebFacade2?anyhost=true&application=dubbo-test-center&check=false&default.retries=0&default.timeout=30000&dispatcher=all&dubbo=2.5.3&execute.retries=0&interface=com.howbuy.tms.high.orders.facade.trade.subsorpur.subsorpurweb.SubsOrPurWebFacade&methods=execute&pid=13944&revision=1.0.0-SNAPSHOT&side=consumer&timestamp=1534318382652, cause: Waiting server-side response timeout by scan timer. start time: 2018-08-15 15:33:03.747, end time: 2018-08-15 15:33:33.751, client elapsed: 84 ms, server elapsed: 29920 ms, timeout: 30000 ms, request: Request [id=0, version=2.0.0, twoway=true, event=false, broken=false, data=RpcInvocation [methodName=execute, parameterTypes=[class com.howbuy.tms.common.client.BaseRequest], arguments=[com.howbuy.tms.high.orders.facade.trade.subsorpur.subsorpurweb.SubsOrPurWebRequest@20ed3303], attachments={path=com.howbuy.tms.high.orders.facade.trade.subsorpur.subsorpurweb.SubsOrPurWebFacade2, interface=com.howbuy.tms.high.orders.facade.trade.subsorpur.subsorpurweb.SubsOrPurWebFacade, version=0.0.0, timeout=30000}]], channel: /192.168.121.20:13487 -> /192.168.221.123:20891
at com.alibaba.dubbo.rpc.cluster.support.FailoverClusterInvoker.doInvoke(FailoverClusterInvoker.java:101)
at com.alibaba.dubbo.rpc.cluster.support.AbstractClusterInvoker.invoke(AbstractClusterInvoker.java:227)
at com.alibaba.dubbo.rpc.cluster.support.wrapper.MockClusterInvoker.invoke(MockClusterInvoker.java:72)
at com.alibaba.dubbo.rpc.proxy.InvokerInvocationHandler.invoke(InvokerInvocationHandler.java:52)
at com.alibaba.dubbo.common.bytecode.proxy0.execute(proxy0.java)
at com.zxy.high.orders.trade.SubsOrPurWebFacadeTest.webFacadeTest(SubsOrPurWebFacadeTest.java:66)
at sun.reflect.NativeMethodAccessorImpl.invoke0(Native Method)
at sun.reflect.NativeMethodAccessorImpl.invoke(NativeMethodAccessorImpl.java:62)
at sun.reflect.DelegatingMethodAccessorImpl.invoke(DelegatingMethodAccessorImpl.java:43)
at java.lang.reflect.Method.invoke(Method.java:498)
at org.testng.internal.MethodInvocationHelper.invokeMethod(MethodInvocationHelper.java:124)
at org.testng.internal.MethodInvocationHelper$1.runTestMethod(MethodInvocationHelper.java:230)
at org.springframework.test.context.testng.AbstractTestNGSpringContextTests.run(AbstractTestNGSpringContextTests.java:175)
at org.testng.internal.MethodInvocationHelper.invokeHookable(MethodInvocationHelper.java:242)
at org.testng.internal.Invoker.invokeMethod(Invoker.java:579)
at org.testng.internal.Invoker.invokeTestMethod(Invoker.java:719)
at org.testng.internal.Invoker.invokeTestMethods(Invoker.java:989)
at org.testng.internal.TestMethodWorker.invokeTestMethods(TestMethodWorker.java:125)
at org.testng.internal.TestMethodWorker.run(TestMethodWorker.java:109)
at org.testng.TestRunner.privateRun(TestRunner.java:648)
at org.testng.TestRunner.run(TestRunner.java:505)
at org.testng.SuiteRunner.runTest(SuiteRunner.java:455)
at org.testng.SuiteRunner.runSequentially(SuiteRunner.java:450)
at org.testng.SuiteRunner.privateRun(SuiteRunner.java:415)
at org.testng.SuiteRunner.run(SuiteRunner.java:364)
at org.testng.SuiteRunnerWorker.runSuite(SuiteRunnerWorker.java:52)
at org.testng.SuiteRunnerWorker.run(SuiteRunnerWorker.java:84)
at org.testng.TestNG.runSuitesSequentially(TestNG.java:1208)
at org.testng.TestNG.runSuitesLocally(TestNG.java:1137)
at org.testng.TestNG.runSuites(TestNG.java:1049)
at org.testng.TestNG.run(TestNG.java:1017)
at org.apache.maven.surefire.testng.TestNGExecutor.run(TestNGExecutor.java:283)
at org.apache.maven.surefire.testng.TestNGXmlTestSuite.execute(TestNGXmlTestSuite.java:75)
at org.apache.maven.surefire.testng.TestNGProvider.invoke(TestNGProvider.java:120)
at org.apache.maven.surefire.booter.ForkedBooter.invokeProviderInSameClassLoader(ForkedBooter.java:373)
at org.apache.maven.surefire.booter.ForkedBooter.runSuitesInProcess(ForkedBooter.java:334)
at org.apache.maven.surefire.booter.ForkedBooter.execute(ForkedBooter.java:119)
at org.apache.maven.surefire.booter.ForkedBooter.main(ForkedBooter.java:407)
Caused by: com.alibaba.dubbo.remoting.TimeoutException: Waiting server-side response timeout by scan timer. start time: 2018-08-15 15:33:03.747, end time: 2018-08-15 15:33:33.751, client elapsed: 84 ms, server elapsed: 29920 ms, timeout: 30000 ms, request: Request [id=0, version=2.0.0, twoway=true, event=false, broken=false, data=RpcInvocation [methodName=execute, parameterTypes=[class com.howbuy.tms.common.client.BaseRequest], arguments=[com.howbuy.tms.high.orders.facade.trade.subsorpur.subsorpurweb.SubsOrPurWebRequest@20ed3303], attachments={path=com.howbuy.tms.high.orders.facade.trade.subsorpur.subsorpurweb.SubsOrPurWebFacade2, interface=com.howbuy.tms.high.orders.facade.trade.subsorpur.subsorpurweb.SubsOrPurWebFacade, version=0.0.0, timeout=30000}]], channel: /192.168.121.20:13487 -> /192.168.221.123:20891
at com.alibaba.dubbo.remoting.exchange.support.DefaultFuture.returnFromResponse(DefaultFuture.java:188)
at com.alibaba.dubbo.remoting.exchange.support.DefaultFuture.get(DefaultFuture.java:110)
at com.alibaba.dubbo.remoting.exchange.support.DefaultFuture.get(DefaultFuture.java:84)
at com.alibaba.dubbo.rpc.protocol.dubbo.DubboInvoker.doInvoke(DubboInvoker.java:96)
at com.alibaba.dubbo.rpc.protocol.AbstractInvoker.invoke(AbstractInvoker.java:144)
at com.alibaba.dubbo.rpc.listener.ListenerInvokerWrapper.invoke(ListenerInvokerWrapper.java:74)
at com.alibaba.dubbo.monitor.support.MonitorFilter.invoke(MonitorFilter.java:75)
at com.alibaba.dubbo.rpc.protocol.ProtocolFilterWrapper$1.invoke(ProtocolFilterWrapper.java:91)
at com.alibaba.dubbo.rpc.protocol.dubbo.filter.FutureFilter.invoke(FutureFilter.java:53)
at com.alibaba.dubbo.rpc.protocol.ProtocolFilterWrapper$1.invoke(ProtocolFilterWrapper.java:91)
at com.alibaba.dubbo.rpc.filter.ConsumerContextFilter.invoke(ConsumerContextFilter.java:48)
at com.alibaba.dubbo.rpc.protocol.ProtocolFilterWrapper$1.invoke(ProtocolFilterWrapper.java:91)
at com.alibaba.dubbo.rpc.protocol.InvokerWrapper.invoke(InvokerWrapper.java:53)
at com.alibaba.dubbo.rpc.cluster.support.FailoverClusterInvoker.doInvoke(FailoverClusterInvoker.java:77)
... 37 more
]]>
            </full-stacktrace>
          </exception> <!-- com.alibaba.dubbo.rpc.RpcException -->
          <reporter-output>
          </reporter-output>
        </test-method> <!-- webFacadeTest -->
        <test-method status="PASS" signature="springTestContextAfterTestMethod(java.lang.reflect.Method)[pri:0, instance:com.zxy.high.orders.trade.SubsOrPurWebFacadeTest@38145825]" name="springTestContextAfterTestMethod" is-config="true" duration-ms="0" started-at="2018-08-15T07:33:33Z" finished-at="2018-08-15T07:33:33Z">
          <params>
            <param index="0">
              <value>
                <![CDATA[public void com.zxy.high.orders.trade.SubsOrPurWebFacadeTest.webFacadeTest() throws java.lang.Exception]]>
              </value>
            </param>
          </params>
          <reporter-output>
          </reporter-output>
        </test-method> <!-- springTestContextAfterTestMethod -->
        <test-method status="FAIL" signature="webFacadeTest01()[pri:0, instance:com.zxy.high.orders.trade.SubsOrPurWebFacadeTest@38145825]" name="webFacadeTest01" duration-ms="30012" started-at="2018-08-15T07:33:33Z" description="高端产品极差校验失败" finished-at="2018-08-15T07:34:03Z">
          <exception class="com.alibaba.dubbo.rpc.RpcException">
            <message>
              <![CDATA[Failed to invoke the method execute in the service com.howbuy.tms.high.orders.facade.trade.subsorpur.subsorpurweb.SubsOrPurWebFacade. Tried 1 times of the providers [192.168.221.123:20891] (1/2) from the registry 192.168.221.122:2182 on the consumer 192.168.121.20 using the dubbo version 2.5.3. Last error is: Invoke remote method timeout. method: execute, provider: dubbo://192.168.221.123:20891/com.howbuy.tms.high.orders.facade.trade.subsorpur.subsorpurweb.SubsOrPurWebFacade2?anyhost=true&application=dubbo-test-center&check=false&default.retries=0&default.timeout=30000&dispatcher=all&dubbo=2.5.3&execute.retries=0&interface=com.howbuy.tms.high.orders.facade.trade.subsorpur.subsorpurweb.SubsOrPurWebFacade&methods=execute&pid=13944&revision=1.0.0-SNAPSHOT&side=consumer&timestamp=1534318382652, cause: Waiting server-side response timeout. start time: 2018-08-15 15:33:33.760, end time: 2018-08-15 15:34:03.771, client elapsed: 0 ms, server elapsed: 30011 ms, timeout: 30000 ms, request: Request [id=1, version=2.0.0, twoway=true, event=false, broken=false, data=RpcInvocation [methodName=execute, parameterTypes=[class com.howbuy.tms.common.client.BaseRequest], arguments=[com.howbuy.tms.high.orders.facade.trade.subsorpur.subsorpurweb.SubsOrPurWebRequest@63ec445c], attachments={path=com.howbuy.tms.high.orders.facade.trade.subsorpur.subsorpurweb.SubsOrPurWebFacade2, interface=com.howbuy.tms.high.orders.facade.trade.subsorpur.subsorpurweb.SubsOrPurWebFacade, version=0.0.0, timeout=30000}]], channel: /192.168.121.20:13487 -> /192.168.221.123:20891]]>
            </message>
            <full-stacktrace>
              <![CDATA[com.alibaba.dubbo.rpc.RpcException: Failed to invoke the method execute in the service com.howbuy.tms.high.orders.facade.trade.subsorpur.subsorpurweb.SubsOrPurWebFacade. Tried 1 times of the providers [192.168.221.123:20891] (1/2) from the registry 192.168.221.122:2182 on the consumer 192.168.121.20 using the dubbo version 2.5.3. Last error is: Invoke remote method timeout. method: execute, provider: dubbo://192.168.221.123:20891/com.howbuy.tms.high.orders.facade.trade.subsorpur.subsorpurweb.SubsOrPurWebFacade2?anyhost=true&application=dubbo-test-center&check=false&default.retries=0&default.timeout=30000&dispatcher=all&dubbo=2.5.3&execute.retries=0&interface=com.howbuy.tms.high.orders.facade.trade.subsorpur.subsorpurweb.SubsOrPurWebFacade&methods=execute&pid=13944&revision=1.0.0-SNAPSHOT&side=consumer&timestamp=1534318382652, cause: Waiting server-side response timeout. start time: 2018-08-15 15:33:33.760, end time: 2018-08-15 15:34:03.771, client elapsed: 0 ms, server elapsed: 30011 ms, timeout: 30000 ms, request: Request [id=1, version=2.0.0, twoway=true, event=false, broken=false, data=RpcInvocation [methodName=execute, parameterTypes=[class com.howbuy.tms.common.client.BaseRequest], arguments=[com.howbuy.tms.high.orders.facade.trade.subsorpur.subsorpurweb.SubsOrPurWebRequest@63ec445c], attachments={path=com.howbuy.tms.high.orders.facade.trade.subsorpur.subsorpurweb.SubsOrPurWebFacade2, interface=com.howbuy.tms.high.orders.facade.trade.subsorpur.subsorpurweb.SubsOrPurWebFacade, version=0.0.0, timeout=30000}]], channel: /192.168.121.20:13487 -> /192.168.221.123:20891
at com.alibaba.dubbo.rpc.cluster.support.FailoverClusterInvoker.doInvoke(FailoverClusterInvoker.java:101)
at com.alibaba.dubbo.rpc.cluster.support.AbstractClusterInvoker.invoke(AbstractClusterInvoker.java:227)
at com.alibaba.dubbo.rpc.cluster.support.wrapper.MockClusterInvoker.invoke(MockClusterInvoker.java:72)
at com.alibaba.dubbo.rpc.proxy.InvokerInvocationHandler.invoke(InvokerInvocationHandler.java:52)
at com.alibaba.dubbo.common.bytecode.proxy0.execute(proxy0.java)
at com.zxy.high.orders.trade.SubsOrPurWebFacadeTest.webFacadeTest01(SubsOrPurWebFacadeTest.java:87)
at sun.reflect.NativeMethodAccessorImpl.invoke0(Native Method)
at sun.reflect.NativeMethodAccessorImpl.invoke(NativeMethodAccessorImpl.java:62)
at sun.reflect.DelegatingMethodAccessorImpl.invoke(DelegatingMethodAccessorImpl.java:43)
at java.lang.reflect.Method.invoke(Method.java:498)
at org.testng.internal.MethodInvocationHelper.invokeMethod(MethodInvocationHelper.java:124)
at org.testng.internal.MethodInvocationHelper$1.runTestMethod(MethodInvocationHelper.java:230)
at org.springframework.test.context.testng.AbstractTestNGSpringContextTests.run(AbstractTestNGSpringContextTests.java:175)
at org.testng.internal.MethodInvocationHelper.invokeHookable(MethodInvocationHelper.java:242)
at org.testng.internal.Invoker.invokeMethod(Invoker.java:579)
at org.testng.internal.Invoker.invokeTestMethod(Invoker.java:719)
at org.testng.internal.Invoker.invokeTestMethods(Invoker.java:989)
at org.testng.internal.TestMethodWorker.invokeTestMethods(TestMethodWorker.java:125)
at org.testng.internal.TestMethodWorker.run(TestMethodWorker.java:109)
at org.testng.TestRunner.privateRun(TestRunner.java:648)
at org.testng.TestRunner.run(TestRunner.java:505)
at org.testng.SuiteRunner.runTest(SuiteRunner.java:455)
at org.testng.SuiteRunner.runSequentially(SuiteRunner.java:450)
at org.testng.SuiteRunner.privateRun(SuiteRunner.java:415)
at org.testng.SuiteRunner.run(SuiteRunner.java:364)
at org.testng.SuiteRunnerWorker.runSuite(SuiteRunnerWorker.java:52)
at org.testng.SuiteRunnerWorker.run(SuiteRunnerWorker.java:84)
at org.testng.TestNG.runSuitesSequentially(TestNG.java:1208)
at org.testng.TestNG.runSuitesLocally(TestNG.java:1137)
at org.testng.TestNG.runSuites(TestNG.java:1049)
at org.testng.TestNG.run(TestNG.java:1017)
at org.apache.maven.surefire.testng.TestNGExecutor.run(TestNGExecutor.java:283)
at org.apache.maven.surefire.testng.TestNGXmlTestSuite.execute(TestNGXmlTestSuite.java:75)
at org.apache.maven.surefire.testng.TestNGProvider.invoke(TestNGProvider.java:120)
at org.apache.maven.surefire.booter.ForkedBooter.invokeProviderInSameClassLoader(ForkedBooter.java:373)
at org.apache.maven.surefire.booter.ForkedBooter.runSuitesInProcess(ForkedBooter.java:334)
at org.apache.maven.surefire.booter.ForkedBooter.execute(ForkedBooter.java:119)
at org.apache.maven.surefire.booter.ForkedBooter.main(ForkedBooter.java:407)
Caused by: com.alibaba.dubbo.remoting.TimeoutException: Waiting server-side response timeout. start time: 2018-08-15 15:33:33.760, end time: 2018-08-15 15:34:03.771, client elapsed: 0 ms, server elapsed: 30011 ms, timeout: 30000 ms, request: Request [id=1, version=2.0.0, twoway=true, event=false, broken=false, data=RpcInvocation [methodName=execute, parameterTypes=[class com.howbuy.tms.common.client.BaseRequest], arguments=[com.howbuy.tms.high.orders.facade.trade.subsorpur.subsorpurweb.SubsOrPurWebRequest@63ec445c], attachments={path=com.howbuy.tms.high.orders.facade.trade.subsorpur.subsorpurweb.SubsOrPurWebFacade2, interface=com.howbuy.tms.high.orders.facade.trade.subsorpur.subsorpurweb.SubsOrPurWebFacade, version=0.0.0, timeout=30000}]], channel: /192.168.121.20:13487 -> /192.168.221.123:20891
at com.alibaba.dubbo.remoting.exchange.support.DefaultFuture.get(DefaultFuture.java:107)
at com.alibaba.dubbo.remoting.exchange.support.DefaultFuture.get(DefaultFuture.java:84)
at com.alibaba.dubbo.rpc.protocol.dubbo.DubboInvoker.doInvoke(DubboInvoker.java:96)
at com.alibaba.dubbo.rpc.protocol.AbstractInvoker.invoke(AbstractInvoker.java:144)
at com.alibaba.dubbo.rpc.listener.ListenerInvokerWrapper.invoke(ListenerInvokerWrapper.java:74)
at com.alibaba.dubbo.monitor.support.MonitorFilter.invoke(MonitorFilter.java:75)
at com.alibaba.dubbo.rpc.protocol.ProtocolFilterWrapper$1.invoke(ProtocolFilterWrapper.java:91)
at com.alibaba.dubbo.rpc.protocol.dubbo.filter.FutureFilter.invoke(FutureFilter.java:53)
at com.alibaba.dubbo.rpc.protocol.ProtocolFilterWrapper$1.invoke(ProtocolFilterWrapper.java:91)
at com.alibaba.dubbo.rpc.filter.ConsumerContextFilter.invoke(ConsumerContextFilter.java:48)
at com.alibaba.dubbo.rpc.protocol.ProtocolFilterWrapper$1.invoke(ProtocolFilterWrapper.java:91)
at com.alibaba.dubbo.rpc.protocol.InvokerWrapper.invoke(InvokerWrapper.java:53)
at com.alibaba.dubbo.rpc.cluster.support.FailoverClusterInvoker.doInvoke(FailoverClusterInvoker.java:77)
... 37 more
]]>
            </full-stacktrace>
          </exception> <!-- com.alibaba.dubbo.rpc.RpcException -->
          <reporter-output>
          </reporter-output>
        </test-method> <!-- webFacadeTest01 -->
        <test-method status="PASS" signature="springTestContextBeforeTestMethod(java.lang.reflect.Method)[pri:0, instance:com.zxy.high.orders.trade.SubsOrPurWebFacadeTest@38145825]" name="springTestContextBeforeTestMethod" is-config="true" duration-ms="0" started-at="2018-08-15T07:33:33Z" finished-at="2018-08-15T07:33:33Z">
          <params>
            <param index="0">
              <value>
                <![CDATA[public void com.zxy.high.orders.trade.SubsOrPurWebFacadeTest.webFacadeTest01() throws java.lang.Exception]]>
              </value>
            </param>
          </params>
          <reporter-output>
          </reporter-output>
        </test-method> <!-- springTestContextBeforeTestMethod -->
        <test-method status="PASS" signature="springTestContextAfterTestMethod(java.lang.reflect.Method)[pri:0, instance:com.zxy.high.orders.trade.SubsOrPurWebFacadeTest@38145825]" name="springTestContextAfterTestMethod" is-config="true" duration-ms="1" started-at="2018-08-15T07:34:03Z" finished-at="2018-08-15T07:34:03Z">
          <params>
            <param index="0">
              <value>
                <![CDATA[public void com.zxy.high.orders.trade.SubsOrPurWebFacadeTest.webFacadeTest01() throws java.lang.Exception]]>
              </value>
            </param>
          </params>
          <reporter-output>
          </reporter-output>
        </test-method> <!-- springTestContextAfterTestMethod -->
        <test-method status="PASS" signature="springTestContextAfterTestClass()[pri:0, instance:com.zxy.high.orders.trade.SubsOrPurWebFacadeTest@38145825]" name="springTestContextAfterTestClass" is-config="true" duration-ms="0" started-at="2018-08-15T07:34:03Z" finished-at="2018-08-15T07:34:03Z">
          <reporter-output>
          </reporter-output>
        </test-method> <!-- springTestContextAfterTestClass -->
      </class> <!-- com.zxy.high.orders.trade.SubsOrPurWebFacadeTest -->
    </test> <!-- trade -->
  </suite> <!-- highOrders -->
</testng-results>
