<?xml version="1.0" encoding="UTF-8"?>
<testng-results skipped="0" failed="0" ignored="0" total="2" passed="2">
  <reporter-output>
  </reporter-output>
  <suite name="highOrders" duration-ms="3389" started-at="2018-08-14T10:38:03Z" finished-at="2018-08-14T10:38:07Z">
    <groups>
    </groups>
    <test name="trade" duration-ms="3389" started-at="2018-08-14T10:38:03Z" finished-at="2018-08-14T10:38:07Z">
      <class name="com.zxy.high.orders.trade.SubsOrPurWebFacadeTest">
        <test-method status="PASS" signature="springTestContextBeforeTestClass()[pri:0, instance:com.zxy.high.orders.trade.SubsOrPurWebFacadeTest@5a7fe64f]" name="springTestContextBeforeTestClass" is-config="true" duration-ms="8" started-at="2018-08-14T10:38:03Z" finished-at="2018-08-14T10:38:03Z">
          <reporter-output>
          </reporter-output>
        </test-method> <!-- springTestContextBeforeTestClass -->
        <test-method status="PASS" signature="springTestContextPrepareTestInstance()[pri:0, instance:com.zxy.high.orders.trade.SubsOrPurWebFacadeTest@5a7fe64f]" name="springTestContextPrepareTestInstance" is-config="true" duration-ms="1854" started-at="2018-08-14T10:38:03Z" depends-on-methods="org.springframework.test.context.testng.AbstractTestNGSpringContextTests.springTestContextBeforeTestClass" finished-at="2018-08-14T10:38:05Z">
          <reporter-output>
          </reporter-output>
        </test-method> <!-- springTestContextPrepareTestInstance -->
        <test-method status="PASS" signature="springTestContextBeforeTestMethod(java.lang.reflect.Method)[pri:0, instance:com.zxy.high.orders.trade.SubsOrPurWebFacadeTest@5a7fe64f]" name="springTestContextBeforeTestMethod" is-config="true" duration-ms="2" started-at="2018-08-14T10:38:05Z" finished-at="2018-08-14T10:38:05Z">
          <params>
            <param index="0">
              <value>
                <![CDATA[public void com.zxy.high.orders.trade.SubsOrPurWebFacadeTest.webFacadeTest() throws java.lang.Exception]]>
              </value>
            </param>
          </params>
          <reporter-output>
          </reporter-output>
        </test-method> <!-- springTestContextBeforeTestMethod -->
        <test-method status="PASS" signature="webFacadeTest()[pri:0, instance:com.zxy.high.orders.trade.SubsOrPurWebFacadeTest@5a7fe64f]" name="webFacadeTest" duration-ms="1089" started-at="2018-08-14T10:38:05Z" description="高端网站下单场景" finished-at="2018-08-14T10:38:06Z">
          <reporter-output>
          </reporter-output>
        </test-method> <!-- webFacadeTest -->
        <test-method status="PASS" signature="springTestContextAfterTestMethod(java.lang.reflect.Method)[pri:0, instance:com.zxy.high.orders.trade.SubsOrPurWebFacadeTest@5a7fe64f]" name="springTestContextAfterTestMethod" is-config="true" duration-ms="1" started-at="2018-08-14T10:38:06Z" finished-at="2018-08-14T10:38:06Z">
          <params>
            <param index="0">
              <value>
                <![CDATA[public void com.zxy.high.orders.trade.SubsOrPurWebFacadeTest.webFacadeTest() throws java.lang.Exception]]>
              </value>
            </param>
          </params>
          <reporter-output>
          </reporter-output>
        </test-method> <!-- springTestContextAfterTestMethod -->
        <test-method status="PASS" signature="springTestContextBeforeTestMethod(java.lang.reflect.Method)[pri:0, instance:com.zxy.high.orders.trade.SubsOrPurWebFacadeTest@5a7fe64f]" name="springTestContextBeforeTestMethod" is-config="true" duration-ms="1" started-at="2018-08-14T10:38:06Z" finished-at="2018-08-14T10:38:06Z">
          <params>
            <param index="0">
              <value>
                <![CDATA[public void com.zxy.high.orders.trade.SubsOrPurWebFacadeTest.webFacadeTest01() throws java.lang.Exception]]>
              </value>
            </param>
          </params>
          <reporter-output>
          </reporter-output>
        </test-method> <!-- springTestContextBeforeTestMethod -->
        <test-method status="PASS" signature="webFacadeTest01()[pri:0, instance:com.zxy.high.orders.trade.SubsOrPurWebFacadeTest@5a7fe64f]" name="webFacadeTest01" duration-ms="417" started-at="2018-08-14T10:38:06Z" description="高端产品极差校验失败" finished-at="2018-08-14T10:38:07Z">
          <reporter-output>
          </reporter-output>
        </test-method> <!-- webFacadeTest01 -->
        <test-method status="PASS" signature="springTestContextAfterTestClass()[pri:0, instance:com.zxy.high.orders.trade.SubsOrPurWebFacadeTest@5a7fe64f]" name="springTestContextAfterTestClass" is-config="true" duration-ms="0" started-at="2018-08-14T10:38:07Z" finished-at="2018-08-14T10:38:07Z">
          <reporter-output>
          </reporter-output>
        </test-method> <!-- springTestContextAfterTestClass -->
        <test-method status="PASS" signature="springTestContextAfterTestMethod(java.lang.reflect.Method)[pri:0, instance:com.zxy.high.orders.trade.SubsOrPurWebFacadeTest@5a7fe64f]" name="springTestContextAfterTestMethod" is-config="true" duration-ms="0" started-at="2018-08-14T10:38:07Z" finished-at="2018-08-14T10:38:07Z">
          <params>
            <param index="0">
              <value>
                <![CDATA[public void com.zxy.high.orders.trade.SubsOrPurWebFacadeTest.webFacadeTest01() throws java.lang.Exception]]>
              </value>
            </param>
          </params>
          <reporter-output>
          </reporter-output>
        </test-method> <!-- springTestContextAfterTestMethod -->
      </class> <!-- com.zxy.high.orders.trade.SubsOrPurWebFacadeTest -->
    </test> <!-- trade -->
  </suite> <!-- highOrders -->
</testng-results>
