<?xml version="1.0" encoding="UTF-8"?>
<testng-results skipped="0" failed="0" ignored="0" total="5" passed="5">
  <reporter-output>
  </reporter-output>
  <suite name="highOrders" duration-ms="46077" started-at="2018-08-16T12:30:12Z" finished-at="2018-08-16T12:30:58Z">
    <groups>
      <group name="checkintest">
        <method signature="SubsOrPurWebFacadeTest.add_appAmt_less_product_limit_test()[pri:0, instance:com.zxy.high.orders.trade.subsorpur.subsorpurweb.SubsOrPurWebFacadeTest@6f36c2f0]" name="add_appAmt_less_product_limit_test" class="com.zxy.high.orders.trade.subsorpur.subsorpurweb.SubsOrPurWebFacadeTest"/>
        <method signature="SubsOrPurWebFacadeTest.web_facade_test()[pri:0, instance:com.zxy.high.orders.trade.subsorpur.subsorpurweb.SubsOrPurWebFacadeTest@6f36c2f0]" name="web_facade_test" class="com.zxy.high.orders.trade.subsorpur.subsorpurweb.SubsOrPurWebFacadeTest"/>
      </group> <!-- checkintest -->
      <group name="functest">
        <method signature="ProductLimitTest.add_appAmt_less_product_limit_test()[pri:0, instance:com.zxy.high.orders.trade.subsorpur.subsorpurweb.ProductLimitTest@f58853c]" name="add_appAmt_less_product_limit_test" class="com.zxy.high.orders.trade.subsorpur.subsorpurweb.ProductLimitTest"/>
        <method signature="ProductLimitTest.add_purAmt_less_product_limit_test()[pri:0, instance:com.zxy.high.orders.trade.subsorpur.subsorpurweb.ProductLimitTest@f58853c]" name="add_purAmt_less_product_limit_test" class="com.zxy.high.orders.trade.subsorpur.subsorpurweb.ProductLimitTest"/>
        <method signature="SubsOrPurWebFacadeTest.add_appAmt_less_product_limit_test()[pri:0, instance:com.zxy.high.orders.trade.subsorpur.subsorpurweb.SubsOrPurWebFacadeTest@6f36c2f0]" name="add_appAmt_less_product_limit_test" class="com.zxy.high.orders.trade.subsorpur.subsorpurweb.SubsOrPurWebFacadeTest"/>
        <method signature="SubsOrPurWebFacadeTest.fund_range_test()[pri:0, instance:com.zxy.high.orders.trade.subsorpur.subsorpurweb.SubsOrPurWebFacadeTest@6f36c2f0]" name="fund_range_test" class="com.zxy.high.orders.trade.subsorpur.subsorpurweb.SubsOrPurWebFacadeTest"/>
        <method signature="SubsOrPurWebFacadeTest.web_facade_test()[pri:0, instance:com.zxy.high.orders.trade.subsorpur.subsorpurweb.SubsOrPurWebFacadeTest@6f36c2f0]" name="web_facade_test" class="com.zxy.high.orders.trade.subsorpur.subsorpurweb.SubsOrPurWebFacadeTest"/>
      </group> <!-- functest -->
    </groups>
    <test name="trade" duration-ms="46077" started-at="2018-08-16T12:30:12Z" finished-at="2018-08-16T12:30:58Z">
      <class name="com.zxy.high.orders.trade.subsorpur.subsorpurweb.SubsOrPurWebFacadeTest">
        <test-method status="PASS" signature="springTestContextBeforeTestClass()[pri:0, instance:com.zxy.high.orders.trade.subsorpur.subsorpurweb.SubsOrPurWebFacadeTest@6f36c2f0]" name="springTestContextBeforeTestClass" is-config="true" duration-ms="8" started-at="2018-08-16T12:30:12Z" finished-at="2018-08-16T12:30:12Z">
          <reporter-output>
          </reporter-output>
        </test-method> <!-- springTestContextBeforeTestClass -->
        <test-method status="PASS" signature="springTestContextPrepareTestInstance()[pri:0, instance:com.zxy.high.orders.trade.subsorpur.subsorpurweb.SubsOrPurWebFacadeTest@6f36c2f0]" name="springTestContextPrepareTestInstance" is-config="true" duration-ms="1892" started-at="2018-08-16T12:30:12Z" depends-on-methods="org.springframework.test.context.testng.AbstractTestNGSpringContextTests.springTestContextBeforeTestClass" finished-at="2018-08-16T12:30:14Z">
          <reporter-output>
          </reporter-output>
        </test-method> <!-- springTestContextPrepareTestInstance -->
        <test-method status="PASS" signature="springTestContextBeforeTestMethod(java.lang.reflect.Method)[pri:0, instance:com.zxy.high.orders.trade.subsorpur.subsorpurweb.SubsOrPurWebFacadeTest@6f36c2f0]" name="springTestContextBeforeTestMethod" is-config="true" duration-ms="2" started-at="2018-08-16T12:30:14Z" finished-at="2018-08-16T12:30:14Z">
          <params>
            <param index="0">
              <value>
                <![CDATA[public void com.zxy.high.orders.trade.subsorpur.subsorpurweb.SubsOrPurWebFacadeTest.add_appAmt_less_product_limit_test() throws java.lang.Exception]]>
              </value>
            </param>
          </params>
          <reporter-output>
          </reporter-output>
        </test-method> <!-- springTestContextBeforeTestMethod -->
        <test-method status="PASS" signature="setUp()[pri:0, instance:com.zxy.high.orders.trade.subsorpur.subsorpurweb.SubsOrPurWebFacadeTest@6f36c2f0]" name="setUp" is-config="true" duration-ms="94" started-at="2018-08-16T12:30:14Z" finished-at="2018-08-16T12:30:14Z">
          <reporter-output>
          </reporter-output>
        </test-method> <!-- setUp -->
        <test-method status="PASS" signature="add_appAmt_less_product_limit_test()[pri:0, instance:com.zxy.high.orders.trade.subsorpur.subsorpurweb.SubsOrPurWebFacadeTest@6f36c2f0]" name="add_appAmt_less_product_limit_test" duration-ms="8359" started-at="2018-08-16T12:30:14Z" description="下单追加购买金额小于产品最低追加申请金额" finished-at="2018-08-16T12:30:22Z">
          <reporter-output>
          </reporter-output>
        </test-method> <!-- add_appAmt_less_product_limit_test -->
        <test-method status="PASS" signature="tearDown()[pri:0, instance:com.zxy.high.orders.trade.subsorpur.subsorpurweb.SubsOrPurWebFacadeTest@6f36c2f0]" name="tearDown" is-config="true" duration-ms="1" started-at="2018-08-16T12:30:22Z" finished-at="2018-08-16T12:30:22Z">
          <reporter-output>
          </reporter-output>
        </test-method> <!-- tearDown -->
        <test-method status="PASS" signature="springTestContextAfterTestMethod(java.lang.reflect.Method)[pri:0, instance:com.zxy.high.orders.trade.subsorpur.subsorpurweb.SubsOrPurWebFacadeTest@6f36c2f0]" name="springTestContextAfterTestMethod" is-config="true" duration-ms="1" started-at="2018-08-16T12:30:22Z" finished-at="2018-08-16T12:30:22Z">
          <params>
            <param index="0">
              <value>
                <![CDATA[public void com.zxy.high.orders.trade.subsorpur.subsorpurweb.SubsOrPurWebFacadeTest.add_appAmt_less_product_limit_test() throws java.lang.Exception]]>
              </value>
            </param>
          </params>
          <reporter-output>
          </reporter-output>
        </test-method> <!-- springTestContextAfterTestMethod -->
        <test-method status="PASS" signature="springTestContextBeforeTestMethod(java.lang.reflect.Method)[pri:0, instance:com.zxy.high.orders.trade.subsorpur.subsorpurweb.SubsOrPurWebFacadeTest@6f36c2f0]" name="springTestContextBeforeTestMethod" is-config="true" duration-ms="1" started-at="2018-08-16T12:30:22Z" finished-at="2018-08-16T12:30:22Z">
          <params>
            <param index="0">
              <value>
                <![CDATA[public void com.zxy.high.orders.trade.subsorpur.subsorpurweb.SubsOrPurWebFacadeTest.fund_range_test() throws java.lang.Exception]]>
              </value>
            </param>
          </params>
          <reporter-output>
          </reporter-output>
        </test-method> <!-- springTestContextBeforeTestMethod -->
        <test-method status="PASS" signature="setUp()[pri:0, instance:com.zxy.high.orders.trade.subsorpur.subsorpurweb.SubsOrPurWebFacadeTest@6f36c2f0]" name="setUp" is-config="true" duration-ms="1" started-at="2018-08-16T12:30:22Z" finished-at="2018-08-16T12:30:22Z">
          <reporter-output>
          </reporter-output>
        </test-method> <!-- setUp -->
        <test-method status="PASS" signature="fund_range_test()[pri:0, instance:com.zxy.high.orders.trade.subsorpur.subsorpurweb.SubsOrPurWebFacadeTest@6f36c2f0]" name="fund_range_test" duration-ms="8208" started-at="2018-08-16T12:30:22Z" description="高端产品极差校验失败" finished-at="2018-08-16T12:30:30Z">
          <reporter-output>
          </reporter-output>
        </test-method> <!-- fund_range_test -->
        <test-method status="PASS" signature="tearDown()[pri:0, instance:com.zxy.high.orders.trade.subsorpur.subsorpurweb.SubsOrPurWebFacadeTest@6f36c2f0]" name="tearDown" is-config="true" duration-ms="1" started-at="2018-08-16T12:30:30Z" finished-at="2018-08-16T12:30:30Z">
          <reporter-output>
          </reporter-output>
        </test-method> <!-- tearDown -->
        <test-method status="PASS" signature="springTestContextAfterTestMethod(java.lang.reflect.Method)[pri:0, instance:com.zxy.high.orders.trade.subsorpur.subsorpurweb.SubsOrPurWebFacadeTest@6f36c2f0]" name="springTestContextAfterTestMethod" is-config="true" duration-ms="1" started-at="2018-08-16T12:30:30Z" finished-at="2018-08-16T12:30:30Z">
          <params>
            <param index="0">
              <value>
                <![CDATA[public void com.zxy.high.orders.trade.subsorpur.subsorpurweb.SubsOrPurWebFacadeTest.fund_range_test() throws java.lang.Exception]]>
              </value>
            </param>
          </params>
          <reporter-output>
          </reporter-output>
        </test-method> <!-- springTestContextAfterTestMethod -->
        <test-method status="PASS" signature="springTestContextBeforeTestMethod(java.lang.reflect.Method)[pri:0, instance:com.zxy.high.orders.trade.subsorpur.subsorpurweb.SubsOrPurWebFacadeTest@6f36c2f0]" name="springTestContextBeforeTestMethod" is-config="true" duration-ms="0" started-at="2018-08-16T12:30:30Z" finished-at="2018-08-16T12:30:30Z">
          <params>
            <param index="0">
              <value>
                <![CDATA[public void com.zxy.high.orders.trade.subsorpur.subsorpurweb.SubsOrPurWebFacadeTest.web_facade_test() throws java.lang.Exception]]>
              </value>
            </param>
          </params>
          <reporter-output>
          </reporter-output>
        </test-method> <!-- springTestContextBeforeTestMethod -->
        <test-method status="PASS" signature="setUp()[pri:0, instance:com.zxy.high.orders.trade.subsorpur.subsorpurweb.SubsOrPurWebFacadeTest@6f36c2f0]" name="setUp" is-config="true" duration-ms="2" started-at="2018-08-16T12:30:30Z" finished-at="2018-08-16T12:30:30Z">
          <reporter-output>
          </reporter-output>
        </test-method> <!-- setUp -->
        <test-method status="PASS" signature="web_facade_test()[pri:0, instance:com.zxy.high.orders.trade.subsorpur.subsorpurweb.SubsOrPurWebFacadeTest@6f36c2f0]" name="web_facade_test" duration-ms="11175" started-at="2018-08-16T12:30:30Z" description="高端网站正常下单" finished-at="2018-08-16T12:30:41Z">
          <reporter-output>
          </reporter-output>
        </test-method> <!-- web_facade_test -->
        <test-method status="PASS" signature="springTestContextAfterTestMethod(java.lang.reflect.Method)[pri:0, instance:com.zxy.high.orders.trade.subsorpur.subsorpurweb.SubsOrPurWebFacadeTest@6f36c2f0]" name="springTestContextAfterTestMethod" is-config="true" duration-ms="1" started-at="2018-08-16T12:30:41Z" finished-at="2018-08-16T12:30:41Z">
          <params>
            <param index="0">
              <value>
                <![CDATA[public void com.zxy.high.orders.trade.subsorpur.subsorpurweb.SubsOrPurWebFacadeTest.web_facade_test() throws java.lang.Exception]]>
              </value>
            </param>
          </params>
          <reporter-output>
          </reporter-output>
        </test-method> <!-- springTestContextAfterTestMethod -->
        <test-method status="PASS" signature="tearDown()[pri:0, instance:com.zxy.high.orders.trade.subsorpur.subsorpurweb.SubsOrPurWebFacadeTest@6f36c2f0]" name="tearDown" is-config="true" duration-ms="0" started-at="2018-08-16T12:30:41Z" finished-at="2018-08-16T12:30:41Z">
          <reporter-output>
          </reporter-output>
        </test-method> <!-- tearDown -->
        <test-method status="PASS" signature="springTestContextAfterTestClass()[pri:0, instance:com.zxy.high.orders.trade.subsorpur.subsorpurweb.SubsOrPurWebFacadeTest@6f36c2f0]" name="springTestContextAfterTestClass" is-config="true" duration-ms="1" started-at="2018-08-16T12:30:41Z" finished-at="2018-08-16T12:30:41Z">
          <reporter-output>
          </reporter-output>
        </test-method> <!-- springTestContextAfterTestClass -->
      </class> <!-- com.zxy.high.orders.trade.subsorpur.subsorpurweb.SubsOrPurWebFacadeTest -->
      <class name="com.zxy.high.orders.trade.subsorpur.subsorpurweb.ProductLimitTest">
        <test-method status="PASS" signature="springTestContextBeforeTestClass()[pri:0, instance:com.zxy.high.orders.trade.subsorpur.subsorpurweb.ProductLimitTest@f58853c]" name="springTestContextBeforeTestClass" is-config="true" duration-ms="1" started-at="2018-08-16T12:30:41Z" finished-at="2018-08-16T12:30:41Z">
          <reporter-output>
          </reporter-output>
        </test-method> <!-- springTestContextBeforeTestClass -->
        <test-method status="PASS" signature="springTestContextPrepareTestInstance()[pri:0, instance:com.zxy.high.orders.trade.subsorpur.subsorpurweb.ProductLimitTest@f58853c]" name="springTestContextPrepareTestInstance" is-config="true" duration-ms="3" started-at="2018-08-16T12:30:41Z" depends-on-methods="org.springframework.test.context.testng.AbstractTestNGSpringContextTests.springTestContextBeforeTestClass" finished-at="2018-08-16T12:30:41Z">
          <reporter-output>
          </reporter-output>
        </test-method> <!-- springTestContextPrepareTestInstance -->
        <test-method status="PASS" signature="springTestContextBeforeTestMethod(java.lang.reflect.Method)[pri:0, instance:com.zxy.high.orders.trade.subsorpur.subsorpurweb.ProductLimitTest@f58853c]" name="springTestContextBeforeTestMethod" is-config="true" duration-ms="0" started-at="2018-08-16T12:30:41Z" finished-at="2018-08-16T12:30:41Z">
          <params>
            <param index="0">
              <value>
                <![CDATA[public void com.zxy.high.orders.trade.subsorpur.subsorpurweb.ProductLimitTest.add_appAmt_less_product_limit_test() throws java.lang.Exception]]>
              </value>
            </param>
          </params>
          <reporter-output>
          </reporter-output>
        </test-method> <!-- springTestContextBeforeTestMethod -->
        <test-method status="PASS" signature="setUp()[pri:0, instance:com.zxy.high.orders.trade.subsorpur.subsorpurweb.ProductLimitTest@f58853c]" name="setUp" is-config="true" duration-ms="1" started-at="2018-08-16T12:30:41Z" finished-at="2018-08-16T12:30:41Z">
          <reporter-output>
          </reporter-output>
        </test-method> <!-- setUp -->
        <test-method status="PASS" signature="add_appAmt_less_product_limit_test()[pri:0, instance:com.zxy.high.orders.trade.subsorpur.subsorpurweb.ProductLimitTest@f58853c]" name="add_appAmt_less_product_limit_test" duration-ms="8139" started-at="2018-08-16T12:30:41Z" description="追加净购买金额小于产品最低追加净申请金额" finished-at="2018-08-16T12:30:50Z">
          <reporter-output>
          </reporter-output>
        </test-method> <!-- add_appAmt_less_product_limit_test -->
        <test-method status="PASS" signature="tearDown()[pri:0, instance:com.zxy.high.orders.trade.subsorpur.subsorpurweb.ProductLimitTest@f58853c]" name="tearDown" is-config="true" duration-ms="1" started-at="2018-08-16T12:30:50Z" finished-at="2018-08-16T12:30:50Z">
          <reporter-output>
          </reporter-output>
        </test-method> <!-- tearDown -->
        <test-method status="PASS" signature="springTestContextBeforeTestMethod(java.lang.reflect.Method)[pri:0, instance:com.zxy.high.orders.trade.subsorpur.subsorpurweb.ProductLimitTest@f58853c]" name="springTestContextBeforeTestMethod" is-config="true" duration-ms="1" started-at="2018-08-16T12:30:50Z" finished-at="2018-08-16T12:30:50Z">
          <params>
            <param index="0">
              <value>
                <![CDATA[public void com.zxy.high.orders.trade.subsorpur.subsorpurweb.ProductLimitTest.add_purAmt_less_product_limit_test() throws java.lang.Exception]]>
              </value>
            </param>
          </params>
          <reporter-output>
          </reporter-output>
        </test-method> <!-- springTestContextBeforeTestMethod -->
        <test-method status="PASS" signature="springTestContextAfterTestMethod(java.lang.reflect.Method)[pri:0, instance:com.zxy.high.orders.trade.subsorpur.subsorpurweb.ProductLimitTest@f58853c]" name="springTestContextAfterTestMethod" is-config="true" duration-ms="0" started-at="2018-08-16T12:30:50Z" finished-at="2018-08-16T12:30:50Z">
          <params>
            <param index="0">
              <value>
                <![CDATA[public void com.zxy.high.orders.trade.subsorpur.subsorpurweb.ProductLimitTest.add_appAmt_less_product_limit_test() throws java.lang.Exception]]>
              </value>
            </param>
          </params>
          <reporter-output>
          </reporter-output>
        </test-method> <!-- springTestContextAfterTestMethod -->
        <test-method status="PASS" signature="setUp()[pri:0, instance:com.zxy.high.orders.trade.subsorpur.subsorpurweb.ProductLimitTest@f58853c]" name="setUp" is-config="true" duration-ms="1" started-at="2018-08-16T12:30:50Z" finished-at="2018-08-16T12:30:50Z">
          <reporter-output>
          </reporter-output>
        </test-method> <!-- setUp -->
        <test-method status="PASS" signature="add_purAmt_less_product_limit_test()[pri:0, instance:com.zxy.high.orders.trade.subsorpur.subsorpurweb.ProductLimitTest@f58853c]" name="add_purAmt_less_product_limit_test" duration-ms="8165" started-at="2018-08-16T12:30:50Z" description="追加净购买金额小于产品最低追加申请净金额" finished-at="2018-08-16T12:30:58Z">
          <reporter-output>
          </reporter-output>
        </test-method> <!-- add_purAmt_less_product_limit_test -->
        <test-method status="PASS" signature="tearDown()[pri:0, instance:com.zxy.high.orders.trade.subsorpur.subsorpurweb.ProductLimitTest@f58853c]" name="tearDown" is-config="true" duration-ms="0" started-at="2018-08-16T12:30:58Z" finished-at="2018-08-16T12:30:58Z">
          <reporter-output>
          </reporter-output>
        </test-method> <!-- tearDown -->
        <test-method status="PASS" signature="springTestContextAfterTestClass()[pri:0, instance:com.zxy.high.orders.trade.subsorpur.subsorpurweb.ProductLimitTest@f58853c]" name="springTestContextAfterTestClass" is-config="true" duration-ms="2" started-at="2018-08-16T12:30:58Z" finished-at="2018-08-16T12:30:58Z">
          <reporter-output>
          </reporter-output>
        </test-method> <!-- springTestContextAfterTestClass -->
        <test-method status="PASS" signature="springTestContextAfterTestMethod(java.lang.reflect.Method)[pri:0, instance:com.zxy.high.orders.trade.subsorpur.subsorpurweb.ProductLimitTest@f58853c]" name="springTestContextAfterTestMethod" is-config="true" duration-ms="0" started-at="2018-08-16T12:30:58Z" finished-at="2018-08-16T12:30:58Z">
          <params>
            <param index="0">
              <value>
                <![CDATA[public void com.zxy.high.orders.trade.subsorpur.subsorpurweb.ProductLimitTest.add_purAmt_less_product_limit_test() throws java.lang.Exception]]>
              </value>
            </param>
          </params>
          <reporter-output>
          </reporter-output>
        </test-method> <!-- springTestContextAfterTestMethod -->
      </class> <!-- com.zxy.high.orders.trade.subsorpur.subsorpurweb.ProductLimitTest -->
    </test> <!-- trade -->
  </suite> <!-- highOrders -->
</testng-results>
