<?xml version="1.0" encoding="UTF-8"?>
<testng-results skipped="0" failed="0" ignored="0" total="1" passed="1">
  <reporter-output>
  </reporter-output>
  <suite name="Surefire suite" duration-ms="78" started-at="2018-08-13T07:53:20Z" finished-at="2018-08-13T07:53:20Z">
    <groups>
    </groups>
    <test name="Surefire test" duration-ms="78" started-at="2018-08-13T07:53:20Z" finished-at="2018-08-13T07:53:20Z">
      <class name="com.zxy.AppTest">
        <test-method status="PASS" signature="shouldAnswerWithTrue()" name="shouldAnswerWithTrue" duration-ms="17" started-at="2018-08-13T07:53:20Z" finished-at="2018-08-13T07:53:20Z">
          <reporter-output>
          </reporter-output>
        </test-method> <!-- shouldAnswerWithTrue -->
      </class> <!-- com.zxy.AppTest -->
    </test> <!-- Surefire test -->
  </suite> <!-- Surefire suite -->
</testng-results>
